<?xml version="1.0" encoding="UTF-8"?>
<!-- Generated by org.testng.reporters.JUnitReportReporter -->
<testsuite hostname="DESKTOP-FJIU9BU" failures="0" tests="1" name="com.jat20wd.SeleniumKeyboardEvents.DragandDrop" time="4.404" errors="0" timestamp="2024-08-20T00:04:16 BST" skipped="0">
  <testcase classname="com.jat20wd.SeleniumKeyboardEvents.DragandDrop" name="draganddroptest" time="4.404"/>
</testsuite> <!-- com.jat20wd.SeleniumKeyboardEvents.DragandDrop -->
